# JRE version: OpenJDK Runtime Environment (8.0_152-b01) (build 1.8.0_152-release-915-b01)
# Java VM: OpenJDK 64-Bit Server VM (25.152-b01 mixed mode linux-amd64 compressed oops)
Heap:
 PSYoungGen      total 293888K, used 283943K [0x00000000e0000000, 0x00000000f5600000, 0x0000000100000000)
  eden space 260096K, 100% used [0x00000000e0000000,0x00000000efe00000,0x00000000efe00000)
  from space 33792K, 70% used [0x00000000f3500000,0x00000000f4c49f78,0x00000000f5600000)
  to   space 45056K, 42% used [0x00000000efe00000,0x00000000f10ccf78,0x00000000f2a00000)
 ParOldGen       total 130560K, used 71468K [0x00000000a0000000, 0x00000000a7f80000, 0x00000000e0000000)
  object space 130560K, 54% used [0x00000000a0000000,0x00000000a45cb030,0x00000000a7f80000)
 Metaspace       used 77947K, capacity 86660K, committed 86872K, reserved 1124352K
  class space    used 10195K, capacity 12378K, committed 12416K, reserved 1048576K
GC Heap History (10 events):
Event: 1938.649 GC heap after
Heap after GC invocations=21 (full 3):
 PSYoungGen      total 328704K, used 24557K [0x00000000e0000000, 0x00000000f7000000, 0x0000000100000000)
  eden space 304128K, 0% used [0x00000000e0000000,0x00000000e0000000,0x00000000f2900000)
  from space 24576K, 99% used [0x00000000f5700000,0x00000000f6efb7b0,0x00000000f6f00000)
  to   space 36352K, 0% used [0x00000000f2900000,0x00000000f2900000,0x00000000f4c80000)
 ParOldGen       total 130560K, used 69771K [0x00000000a0000000, 0x00000000a7f80000, 0x00000000e0000000)
  object space 130560K, 53% used [0x00000000a0000000,0x00000000a4422f80,0x00000000a7f80000)
 Metaspace       used 75148K, capacity 82190K, committed 82392K, reserved 1120256K
  class space    used 9810K, capacity 11426K, committed 11520K, reserved 1048576K
}
Event: 2023.429 GC heap before
{Heap before GC invocations=22 (full 3):
 PSYoungGen      total 328704K, used 328685K [0x00000000e0000000, 0x00000000f7000000, 0x0000000100000000)
  eden space 304128K, 100% used [0x00000000e0000000,0x00000000f2900000,0x00000000f2900000)
  from space 24576K, 99% used [0x00000000f5700000,0x00000000f6efb7b0,0x00000000f6f00000)
  to   space 36352K, 0% used [0x00000000f2900000,0x00000000f2900000,0x00000000f4c80000)
 ParOldGen       total 130560K, used 69771K [0x00000000a0000000, 0x00000000a7f80000, 0x00000000e0000000)
  object space 130560K, 53% used [0x00000000a0000000,0x00000000a4422f80,0x00000000a7f80000)
 Metaspace       used 76587K, capacity 84230K, committed 84312K, reserved 1122304K
  class space    used 10041K, capacity 11845K, committed 11904K, reserved 1048576K
Event: 2023.466 GC heap after
Heap after GC invocations=22 (full 3):
 PSYoungGen      total 322560K, used 29831K [0x00000000e0000000, 0x00000000f6a80000, 0x0000000100000000)
  eden space 292352K, 0% used [0x00000000e0000000,0x00000000e0000000,0x00000000f1d80000)
  from space 30208K, 98% used [0x00000000f2900000,0x00000000f4621eb8,0x00000000f4680000)
  to   space 36864K, 0% used [0x00000000f4680000,0x00000000f4680000,0x00000000f6a80000)
 ParOldGen       total 130560K, used 71436K [0x00000000a0000000, 0x00000000a7f80000, 0x00000000e0000000)
  object space 130560K, 54% used [0x00000000a0000000,0x00000000a45c3030,0x00000000a7f80000)
 Metaspace       used 76587K, capacity 84230K, committed 84312K, reserved 1122304K
  class space    used 10041K, capacity 11845K, committed 11904K, reserved 1048576K
}
Event: 2800.695 GC heap before
{Heap before GC invocations=23 (full 3):
 PSYoungGen      total 322560K, used 322183K [0x00000000e0000000, 0x00000000f6a80000, 0x0000000100000000)
  eden space 292352K, 100% used [0x00000000e0000000,0x00000000f1d80000,0x00000000f1d80000)
  from space 30208K, 98% used [0x00000000f2900000,0x00000000f4621eb8,0x00000000f4680000)
  to   space 36864K, 0% used [0x00000000f4680000,0x00000000f4680000,0x00000000f6a80000)
 ParOldGen       total 130560K, used 71436K [0x00000000a0000000, 0x00000000a7f80000, 0x00000000e0000000)
  object space 130560K, 54% used [0x00000000a0000000,0x00000000a45c3030,0x00000000a7f80000)
 Metaspace       used 76930K, capacity 84804K, committed 84952K, reserved 1122304K
  class space    used 10076K, capacity 11968K, committed 12032K, reserved 1048576K
Event: 2800.720 GC heap after
Heap after GC invocations=23 (full 3):
 PSYoungGen      total 314368K, used 32935K [0x00000000e0000000, 0x00000000f6700000, 0x0000000100000000)
  eden space 281088K, 0% used [0x00000000e0000000,0x00000000e0000000,0x00000000f1280000)
  from space 33280K, 98% used [0x00000000f4680000,0x00000000f66a9f28,0x00000000f6700000)
  to   space 43008K, 0% used [0x00000000f1300000,0x00000000f1300000,0x00000000f3d00000)
 ParOldGen       total 130560K, used 71444K [0x00000000a0000000, 0x00000000a7f80000, 0x00000000e0000000)
  object space 130560K, 54% used [0x00000000a0000000,0x00000000a45c5030,0x00000000a7f80000)
 Metaspace       used 76930K, capacity 84804K, committed 84952K, reserved 1122304K
  class space    used 10076K, capacity 11968K, committed 12032K, reserved 1048576K
}
Event: 3514.199 GC heap before
{Heap before GC invocations=24 (full 3):
 PSYoungGen      total 314368K, used 314023K [0x00000000e0000000, 0x00000000f6700000, 0x0000000100000000)
  eden space 281088K, 100% used [0x00000000e0000000,0x00000000f1280000,0x00000000f1280000)
  from space 33280K, 98% used [0x00000000f4680000,0x00000000f66a9f28,0x00000000f6700000)
  to   space 43008K, 0% used [0x00000000f1300000,0x00000000f1300000,0x00000000f3d00000)
 ParOldGen       total 130560K, used 71444K [0x00000000a0000000, 0x00000000a7f80000, 0x00000000e0000000)
  object space 130560K, 54% used [0x00000000a0000000,0x00000000a45c5030,0x00000000a7f80000)
 Metaspace       used 77305K, capacity 85434K, committed 85592K, reserved 1122304K
  class space    used 10111K, capacity 12089K, committed 12160K, reserved 1048576K
Event: 3514.249 GC heap after
Heap after GC invocations=24 (full 3):
 PSYoungGen      total 304640K, used 33975K [0x00000000e0000000, 0x00000000f6200000, 0x0000000100000000)
  eden space 270336K, 0% used [0x00000000e0000000,0x00000000e0000000,0x00000000f0800000)
  from space 34304K, 99% used [0x00000000f1300000,0x00000000f342df38,0x00000000f3480000)
  to   space 46080K, 0% used [0x00000000f3500000,0x00000000f3500000,0x00000000f6200000)
 ParOldGen       total 130560K, used 71452K [0x00000000a0000000, 0x00000000a7f80000, 0x00000000e0000000)
  object space 130560K, 54% used [0x00000000a0000000,0x00000000a45c7030,0x00000000a7f80000)
 Metaspace       used 77305K, capacity 85434K, committed 85592K, reserved 1122304K
  class space    used 10111K, capacity 12089K, committed 12160K, reserved 1048576K
}
Event: 3791.856 GC heap before
{Heap before GC invocations=25 (full 3):
 PSYoungGen      total 304640K, used 304311K [0x00000000e0000000, 0x00000000f6200000, 0x0000000100000000)
  eden space 270336K, 100% used [0x00000000e0000000,0x00000000f0800000,0x00000000f0800000)
  from space 34304K, 99% used [0x00000000f1300000,0x00000000f342df38,0x00000000f3480000)
  to   space 46080K, 0% used [0x00000000f3500000,0x00000000f3500000,0x00000000f6200000)
 ParOldGen       total 130560K, used 71452K [0x00000000a0000000, 0x00000000a7f80000, 0x00000000e0000000)
  object space 130560K, 54% used [0x00000000a0000000,0x00000000a45c7030,0x00000000a7f80000)
 Metaspace       used 77635K, capacity 86174K, committed 86232K, reserved 1124352K
  class space    used 10156K, capacity 12249K, committed 12288K, reserved 1048576K
Event: 3791.881 GC heap after
Heap after GC invocations=25 (full 3):
 PSYoungGen      total 293888K, used 23847K [0x00000000e0000000, 0x00000000f5600000, 0x0000000100000000)
  eden space 260096K, 0% used [0x00000000e0000000,0x00000000e0000000,0x00000000efe00000)
  from space 33792K, 70% used [0x00000000f3500000,0x00000000f4c49f78,0x00000000f5600000)
  to   space 45056K, 0% used [0x00000000efe00000,0x00000000efe00000,0x00000000f2a00000)
 ParOldGen       total 130560K, used 71460K [0x00000000a0000000, 0x00000000a7f80000, 0x00000000e0000000)
  object space 130560K, 54% used [0x00000000a0000000,0x00000000a45c9030,0x00000000a7f80000)
 Metaspace       used 77635K, capacity 86174K, committed 86232K, reserved 1124352K
  class space    used 10156K, capacity 12249K, committed 12288K, reserved 1048576K
}
Event: 4388.701 GC heap before
{Heap before GC invocations=26 (full 3):
 PSYoungGen      total 293888K, used 283943K [0x00000000e0000000, 0x00000000f5600000, 0x0000000100000000)
  eden space 260096K, 100% used [0x00000000e0000000,0x00000000efe00000,0x00000000efe00000)
  from space 33792K, 70% used [0x00000000f3500000,0x00000000f4c49f78,0x00000000f5600000)
  to   space 45056K, 0% used [0x00000000efe00000,0x00000000efe00000,0x00000000f2a00000)
 ParOldGen       total 130560K, used 71460K [0x00000000a0000000, 0x00000000a7f80000, 0x00000000e0000000)
  object space 130560K, 54% used [0x00000000a0000000,0x00000000a45c9030,0x00000000a7f80000)
 Metaspace       used 77947K, capacity 86660K, committed 86872K, reserved 1124352K
  class space    used 10195K, capacity 12378K, committed 12416K, reserved 1048576K

